<?xml version="1.0" encoding="UTF-8"?>
<coverage generated="1497292845544" clover="3.2.0">
  <project timestamp="1497292845544" name="All files">
    <metrics statements="7" coveredstatements="6" conditionals="0" coveredconditionals="0" methods="4" coveredmethods="3" elements="11" coveredelements="9" complexity="0" loc="7" ncloc="7" packages="1" files="1" classes="1">
      <file name="index.ts" path="/Users/dennistheotokatos/dev/anel/dev/repos/libraries/dyna-ts-module-boilerplate/src/index.ts">
        <metrics statements="7" coveredstatements="6" conditionals="0" coveredconditionals="0" methods="4" coveredmethods="3"/>
        <line num="2" count="1" type="stmt"/>
        <line num="5" count="2" type="stmt"/>
        <line num="6" count="2" type="stmt"/>
        <line num="9" count="2" type="stmt"/>
        <line num="12" count="2" type="stmt"/>
        <line num="15" count="0" type="stmt"/>
        <line num="21" count="1" type="stmt"/>
      </file>
    </metrics>
  </project>
</coverage>
