{"/Users/dennistheotokatos/dev/anel/dev/repos/libraries/dyna-ts-module-boilerplate/src/index.ts": {"path":"/Users/dennistheotokatos/dev/anel/dev/repos/libraries/dyna-ts-module-boilerplate/src/index.ts","statementMap":{"0":{"start":{"line":2,"column":0},"end":{"line":2,"column":62}},"1":{"start":{"line":5,"column":8},"end":{"line":5,"column":25}},"2":{"start":{"line":6,"column":8},"end":{"line":6,"column":23}},"3":{"start":{"line":9,"column":8},"end":{"line":9,"column":25}},"4":{"start":{"line":12,"column":8},"end":{"line":12,"column":24}},"5":{"start":{"line":15,"column":8},"end":{"line":18,"column":10}},"6":{"start":{"line":21,"column":0},"end":{"line":21,"column":24}}},"fnMap":{"0":{"name":"(anonymous_0)","decl":{"start":{"line":4,"column":4},"end":{"line":4,"column":5}},"loc":{"start":{"line":4,"column":27},"end":{"line":7,"column":5}},"line":4},"1":{"name":"(anonymous_1)","decl":{"start":{"line":8,"column":4},"end":{"line":8,"column":5}},"loc":{"start":{"line":8,"column":14},"end":{"line":10,"column":5}},"line":8},"2":{"name":"(anonymous_2)","decl":{"start":{"line":11,"column":4},"end":{"line":11,"column":5}},"loc":{"start":{"line":11,"column":13},"end":{"line":13,"column":5}},"line":11},"3":{"name":"(anonymous_3)","decl":{"start":{"line":14,"column":4},"end":{"line":14,"column":5}},"loc":{"start":{"line":14,"column":10},"end":{"line":19,"column":5}},"line":14}},"branchMap":{},"s":{"0":1,"1":2,"2":2,"3":2,"4":2,"5":0,"6":1},"f":{"0":2,"1":2,"2":2,"3":0},"b":{},"inputSourceMap":{"version":3,"file":"index.js","sourceRoot":"","sources":["index.ts"],"names":[],"mappings":";;AAIA;IAIE,YAAY,IAAY,EAAE,GAAW;QACnC,IAAI,CAAC,IAAI,GAAG,IAAI,CAAC;QACjB,IAAI,CAAC,GAAG,GAAG,GAAG,CAAC;IACjB,CAAC;IAED,OAAO;QACL,MAAM,CAAC,IAAI,CAAC,IAAI,CAAC;IACnB,CAAC;IAED,MAAM;QACJ,MAAM,CAAC,IAAI,CAAC,GAAG,CAAC;IAClB,CAAC;IAED,GAAG;QACD,MAAM,CAAC;YACL,IAAI,EAAE,IAAI,CAAC,IAAI;YACf,GAAG,EAAE,IAAI,CAAC,GAAG;SACd,CAAA;IACH,CAAC;CACF;AAvBD,wBAuBC","sourcesContent":["export interface IPerson {\n  name: string;\n  age: number;\n}\nexport class Person {\n  private name: string;\n  private age: number;\n\n  constructor(name: string, age: number) {\n    this.name = name;\n    this.age = age;\n  }\n\n  getName() {\n    return this.name;\n  }\n\n  getAge(): number {\n    return this.age;\n  }\n\n  get(): IPerson {\n    return {\n      name: this.name,\n      age: this.age\n    }\n  }\n}\n"]},"_coverageSchema":"332fd63041d2c1bcb487cc26dd0d5f7d97098a6c","hash":"50ef09d0de4251e847ef129166906dc68b7fa34d"}
}
